<?xml version="1.0" encoding="UTF-8"?>
<testsuite name="arraylist.ArrayListTest" tests="20" skipped="0" failures="0" errors="0" timestamp="2022-06-04T05:25:52" hostname="sonhyeonhos-MacBook-Air.local" time="0.022">
  <properties/>
  <testcase name="arrayList 의 contains()" classname="arraylist.ArrayListTest" time="0.006"/>
  <testcase name="arrayList removeIf(Predicate)" classname="arraylist.ArrayListTest" time="0.001"/>
  <testcase name="arrayList 의 addAll(Collection)" classname="arraylist.ArrayListTest" time="0.004"/>
  <testcase name="ArrayList의 없는 인덱스 데이터 get(index) 할 때 Index Out Of Exception" classname="arraylist.ArrayListTest" time="0.001"/>
  <testcase name="arrayList 의 addAll(null)" classname="arraylist.ArrayListTest" time="0.001"/>
  <testcase name="arrayList 삭제" classname="arraylist.ArrayListTest" time="0.0"/>
  <testcase name="arrayList add Test" classname="arraylist.ArrayListTest" time="0.0"/>
  <testcase name="arrayList set(index, value)" classname="arraylist.ArrayListTest" time="0.0"/>
  <testcase name="arrayList 의 iterator()" classname="arraylist.ArrayListTest" time="0.0"/>
  <testcase name="arrayList 의 removeAll(null)" classname="arraylist.ArrayListTest" time="0.001"/>
  <testcase name="arrayList 의 removeAll(Collection)" classname="arraylist.ArrayListTest" time="0.0"/>
  <testcase name="arrayList 의 IndexOf(Object)" classname="arraylist.ArrayListTest" time="0.001"/>
  <testcase name="arrayList 의 isEmpty()" classname="arraylist.ArrayListTest" time="0.0"/>
  <testcase name="arrayList 의 생성자 중 ArrayList(Collections)" classname="arraylist.ArrayListTest" time="0.001"/>
  <testcase name="arrayList 의 size()" classname="arraylist.ArrayListTest" time="0.0"/>
  <testcase name="arrayList sort(Comparator)" classname="arraylist.ArrayListTest" time="0.001"/>
  <testcase name="arrayList subList(fromIndex, toIndex)" classname="arraylist.ArrayListTest" time="0.0"/>
  <testcase name="arrayList 의 lastIndexOf(Object)" classname="arraylist.ArrayListTest" time="0.0"/>
  <testcase name="arrayList 의 retainAll(Collection)" classname="arraylist.ArrayListTest" time="0.001"/>
  <testcase name="arrayList 의 containsAll(Collection)" classname="arraylist.ArrayListTest" time="0.0"/>
  <system-out><![CDATA[0 1 2 2 2 2 3 4 5 0
1
2
3
4
5
6
7
8
9
10
]]></system-out>
  <system-err><![CDATA[]]></system-err>
</testsuite>
